<?xml version="1.0" encoding="UTF-8"?>
<!-- Generated by org.testng.reporters.JUnitReportReporter -->
<testsuite hostname="BYOD-594210" failures="0" tests="1" name="Extentreport.newguru" time="57.683" errors="0" timestamp="11 Nov 2022 11:02:16 GMT">
  <testcase classname="Extentreport.newguru" name="testcase1" time="57.683"/>
</testsuite> <!-- Extentreport.newguru -->
