<?xml version="1.0" encoding="UTF-8"?>
<!-- Generated by org.testng.reporters.JUnitReportReporter -->
<testsuite hostname="BYOD-594210" failures="0" tests="4" name="Demo1.NewTask1" time="116.787" errors="0" timestamp="25 Oct 2022 05:42:10 GMT">
  <testcase classname="Demo1.NewTask1" name="alert1" time="15.742"/>
  <testcase classname="Demo1.NewTask1" name="alerts2" time="15.155"/>
  <testcase classname="Demo1.NewTask1" name="alert" time="65.566"/>
  <testcase classname="Demo1.NewTask1" name="alerts3" time="20.324"/>
</testsuite> <!-- Demo1.NewTask1 -->
