<?xml version="1.0" encoding="UTF-8"?>
<!-- Generated by org.testng.reporters.JUnitReportReporter -->
<testsuite hostname="DESKTOP-JBRJEPQ" failures="0" tests="1" name="Demo1.mousehoveraction" time="2.438" errors="0" timestamp="4 Dec 2022 12:56:12 GMT">
  <testcase classname="Demo1.mousehoveraction" name="testcase1" time="2.438"/>
</testsuite> <!-- Demo1.mousehoveraction -->
