<?xml version="1.0" encoding="UTF-8"?>
<!-- Generated by org.testng.reporters.JUnitReportReporter -->
<testsuite hostname="BYOD-594210" failures="0" tests="2" name="Cucumber.test_runner" time="90.445" errors="0" timestamp="4 Nov 2022 07:25:31 GMT">
  <testcase classname="Cucumber.test_runner" name="runScenario" time="41.571"/>
  <testcase classname="Cucumber.test_runner" name="runScenario" time="48.874"/>
</testsuite> <!-- Cucumber.test_runner -->
