<?xml version="1.0" encoding="UTF-8"?>
<!-- Generated by org.testng.reporters.JUnitReportReporter -->
<testsuite hostname="BYOD-594210" failures="0" tests="2" name="test_runner.test_runner1" time="154.462" errors="0" timestamp="10 Nov 2022 07:01:19 GMT">
  <testcase classname="test_runner.test_runner1" name="runScenario" time="79.283"/>
  <testcase classname="test_runner.test_runner1" name="runScenario" time="75.179"/>
</testsuite> <!-- test_runner.test_runner1 -->
