<?xml version="1.0" encoding="UTF-8"?>
<!-- Generated by org.testng.reporters.JUnitReportReporter -->
<testsuite hostname="BYOD-594210" failures="0" tests="1" name="Demo1.First_selenium_program" time="78.334" errors="0" timestamp="10 Oct 2022 03:56:54 GMT">
  <testcase classname="Demo1.First_selenium_program" name="test" time="78.334"/>
</testsuite> <!-- Demo1.First_selenium_program -->
