<?xml version="1.0" encoding="UTF-8"?>
<!-- Generated by org.testng.reporters.JUnitReportReporter -->
<testsuite hostname="DESKTOP-JBRJEPQ" failures="0" tests="1" name="Webapp.Taskapidemos" time="146.147" errors="0" timestamp="2022-12-07T09:42:58 IST" skipped="0">
  <testcase classname="Webapp.Taskapidemos" name="testcase1" time="146.147"/>
  <system-out/>
</testsuite> <!-- Webapp.Taskapidemos -->
