<?xml version="1.0" encoding="UTF-8"?>
<!-- Generated by org.testng.reporters.JUnitReportReporter -->
<testsuite hostname="DESKTOP-JBRJEPQ" failures="0" tests="7" name="Webapp.Tasknative" time="33.463" errors="0" timestamp="2022-12-09T11:38:05 IST" skipped="6">
  <testcase classname="Webapp.Tasknative" name="open_notification" time="33.463"/>
  <system-out/>
  <testcase classname="Webapp.Tasknative" name="tabandlongpress">
    <skipped/>
  </testcase> <!-- tabandlongpress -->
  <system-out/>
  <testcase classname="Webapp.Tasknative" name="swipeActions">
    <skipped/>
  </testcase> <!-- swipeActions -->
  <system-out/>
  <testcase classname="Webapp.Tasknative" name="scroll">
    <skipped/>
  </testcase> <!-- scroll -->
  <system-out/>
  <testcase classname="Webapp.Tasknative" name="testcase1">
    <skipped/>
  </testcase> <!-- testcase1 -->
  <system-out/>
  <testcase classname="Webapp.Tasknative" name="Draganddrop">
    <skipped/>
  </testcase> <!-- Draganddrop -->
  <system-out/>
  <testcase classname="Webapp.Tasknative" name="swapeApp">
    <skipped/>
  </testcase> <!-- swapeApp -->
  <system-out/>
</testsuite> <!-- Webapp.Tasknative -->
