<?xml version="1.0" encoding="UTF-8"?>
<!-- Generated by org.testng.reporters.JUnitReportReporter -->
<testsuite hostname="DESKTOP-JBRJEPQ" failures="0" tests="2" name="Webapp.hybridsize" time="39.718" errors="0" timestamp="2022-12-08T14:45:27 IST" skipped="0">
  <testcase classname="Webapp.hybridsize" name="positivetestcase" time="39.582"/>
  <system-out/>
  <testcase classname="Webapp.hybridsize" name="size" time="0.136"/>
  <system-out/>
</testsuite> <!-- Webapp.hybridsize -->
