<?xml version="1.0" encoding="UTF-8"?>
<!-- Generated by org.testng.reporters.JUnitReportReporter -->
<testsuite hostname="DESKTOP-JBRJEPQ" failures="0" tests="1" name="Webapp.Calculator" time="10.686" errors="0" timestamp="2022-12-05T18:45:12 IST" skipped="0">
  <testcase classname="Webapp.Calculator" name="testcase1" time="10.686"/>
  <system-out/>
</testsuite> <!-- Webapp.Calculator -->
