<?xml version="1.0" encoding="UTF-8"?>
<!-- Generated by org.testng.reporters.JUnitReportReporter -->
<testsuite hostname="DESKTOP-JBRJEPQ" failures="0" tests="1" name="Webapp.Capabalities" time="178.950" errors="0" timestamp="2022-12-01T11:43:02 IST" skipped="0">
  <testcase classname="Webapp.Capabalities" name="tc_1" time="178.950"/>
  <system-out/>
</testsuite> <!-- Webapp.Capabalities -->
