<?xml version="1.0" encoding="UTF-8"?>
<!-- Generated by org.testng.reporters.JUnitReportReporter -->
<testsuite hostname="DESKTOP-JBRJEPQ" failures="0" tests="1" name="Webapp.KhanAcademyhybrid" time="320.510" errors="0" timestamp="2022-12-12T11:08:17 IST" skipped="0">
  <testcase classname="Webapp.KhanAcademyhybrid" name="testcase1" time="320.510"/>
  <system-out/>
</testsuite> <!-- Webapp.KhanAcademyhybrid -->
