<?xml version="1.0" encoding="UTF-8"?>
<!-- Generated by org.testng.reporters.JUnitReportReporter -->
<testsuite hostname="BYOD-594210" failures="0" tests="1" name="Cucumber.test_runner" time="116.470" errors="0" timestamp="4 Nov 2022 07:22:47 GMT">
  <testcase classname="Cucumber.test_runner" name="runScenario" time="116.470"/>
</testsuite> <!-- Cucumber.test_runner -->
