<?xml version="1.0" encoding="UTF-8"?>
<!-- Generated by org.testng.reporters.JUnitReportReporter -->
<testsuite hostname="BYOD-594210" failures="0" tests="2" name="TestngDemo.DataProvider" time="82.128" errors="0" timestamp="2022-10-27T16:45:58 IST" skipped="0">
  <testcase classname="TestngDemo.DataProvider" name="f" time="61.494"/>
  <system-out/>
  <testcase classname="TestngDemo.DataProvider" name="f" time="20.634"/>
  <system-out/>
</testsuite> <!-- TestngDemo.DataProvider -->
